<?xml version="1.0" encoding="UTF-8"?>
<testsuite xmlns:xsi="http://www.w3.org/2001/XMLSchema-instance" xsi:noNamespaceSchemaLocation="https://maven.apache.org/surefire/maven-surefire-plugin/xsd/surefire-test-report-3.0.xsd" version="3.0" name="com.clipg.Work4ApplicationTests" time="39.969" tests="4" errors="0" skipped="0" failures="0">
  <properties>
[...]
</properties>
  <testcase name="testSave" classname="com.clipg.Work4ApplicationTests" time="0.742">
    <system-out><![CDATA[12:18:48.322 [main] DEBUG org.springframework.test.context.BootstrapUtils - Instantiating CacheAwareContextLoaderDelegate from class [org.springframework.test.context.cache.DefaultCacheAwareContextLoaderDelegate]
12:18:48.330 [main] DEBUG org.springframework.test.context.BootstrapUtils - Instantiating BootstrapContext using constructor [public org.springframework.test.context.support.DefaultBootstrapContext(java.lang.Class,org.springframework.test.context.CacheAwareContextLoaderDelegate)]
12:18:48.362 [main] DEBUG org.springframework.test.context.BootstrapUtils - Instantiating TestContextBootstrapper for test class [com.clipg.Work4ApplicationTests] from class [org.springframework.boot.test.context.SpringBootTestContextBootstrapper]
12:18:48.377 [main] INFO org.springframework.boot.test.context.SpringBootTestContextBootstrapper - Neither @ContextConfiguration nor @ContextHierarchy found for test class [com.clipg.Work4ApplicationTests], using SpringBootContextLoader
12:18:48.383 [main] DEBUG org.springframework.test.context.support.AbstractContextLoader - Did not detect default resource location for test class [com.clipg.Work4ApplicationTests]: class path resource [com/clipg/Work4ApplicationTests-context.xml] does not exist
12:18:48.384 [main] DEBUG org.springframework.test.context.support.AbstractContextLoader - Did not detect default resource location for test class [com.clipg.Work4ApplicationTests]: class path resource [com/clipg/Work4ApplicationTestsContext.groovy] does not exist
12:18:48.384 [main] INFO org.springframework.test.context.support.AbstractContextLoader - Could not detect default resource locations for test class [com.clipg.Work4ApplicationTests]: no resource found for suffixes {-context.xml, Context.groovy}.
12:18:48.384 [main] INFO org.springframework.test.context.support.AnnotationConfigContextLoaderUtils - Could not detect default configuration classes for test class [com.clipg.Work4ApplicationTests]: Work4ApplicationTests does not declare any static, non-private, non-final, nested classes annotated with @Configuration.
12:18:48.428 [main] DEBUG org.springframework.test.context.support.ActiveProfilesUtils - Could not find an 'annotation declaring class' for annotation type [org.springframework.test.context.ActiveProfiles] and class [com.clipg.Work4ApplicationTests]
12:18:48.490 [main] DEBUG org.springframework.context.annotation.ClassPathScanningCandidateComponentProvider - Identified candidate component class: file [D:\cs学习\west2-java-work\work4\target\classes\com\clipg\Work4Application.class]
12:18:48.492 [main] INFO org.springframework.boot.test.context.SpringBootTestContextBootstrapper - Found @SpringBootConfiguration com.clipg.Work4Application for test class com.clipg.Work4ApplicationTests
12:18:48.579 [main] DEBUG org.springframework.boot.test.context.SpringBootTestContextBootstrapper - @TestExecutionListeners is not present for class [com.clipg.Work4ApplicationTests]: using defaults.
12:18:48.579 [main] INFO org.springframework.boot.test.context.SpringBootTestContextBootstrapper - Loaded default TestExecutionListener class names from location [META-INF/spring.factories]: [org.springframework.boot.test.mock.mockito.MockitoTestExecutionListener, org.springframework.boot.test.mock.mockito.ResetMocksTestExecutionListener, org.springframework.boot.test.autoconfigure.restdocs.RestDocsTestExecutionListener, org.springframework.boot.test.autoconfigure.web.client.MockRestServiceServerResetTestExecutionListener, org.springframework.boot.test.autoconfigure.web.servlet.MockMvcPrintOnlyOnFailureTestExecutionListener, org.springframework.boot.test.autoconfigure.web.servlet.WebDriverTestExecutionListener, org.springframework.boot.test.autoconfigure.webservices.client.MockWebServiceServerTestExecutionListener, org.springframework.test.context.web.ServletTestExecutionListener, org.springframework.test.context.support.DirtiesContextBeforeModesTestExecutionListener, org.springframework.test.context.event.ApplicationEventsTestExecutionListener, org.springframework.test.context.support.DependencyInjectionTestExecutionListener, org.springframework.test.context.support.DirtiesContextTestExecutionListener, org.springframework.test.context.transaction.TransactionalTestExecutionListener, org.springframework.test.context.jdbc.SqlScriptsTestExecutionListener, org.springframework.test.context.event.EventPublishingTestExecutionListener, org.springframework.security.test.context.support.WithSecurityContextTestExecutionListener, org.springframework.security.test.context.support.ReactorContextTestExecutionListener]
12:18:48.599 [main] INFO org.springframework.boot.test.context.SpringBootTestContextBootstrapper - Using TestExecutionListeners: [org.springframework.test.context.web.ServletTestExecutionListener@497486b3, org.springframework.test.context.support.DirtiesContextBeforeModesTestExecutionListener@63f8276e, org.springframework.test.context.event.ApplicationEventsTestExecutionListener@75f95314, org.springframework.boot.test.mock.mockito.MockitoTestExecutionListener@6127a7e, org.springframework.boot.test.autoconfigure.SpringBootDependencyInjectionTestExecutionListener@6bbe2511, org.springframework.test.context.support.DirtiesContextTestExecutionListener@495fac5f, org.springframework.test.context.transaction.TransactionalTestExecutionListener@76012793, org.springframework.test.context.jdbc.SqlScriptsTestExecutionListener@635572a7, org.springframework.test.context.event.EventPublishingTestExecutionListener@79d94571, org.springframework.security.test.context.support.WithSecurityContextTestExecutionListener@4dd02341, org.springframework.security.test.context.support.ReactorContextTestExecutionListener@3212a8d7, org.springframework.boot.test.mock.mockito.ResetMocksTestExecutionListener@7a1a3478, org.springframework.boot.test.autoconfigure.restdocs.RestDocsTestExecutionListener@495b0487, org.springframework.boot.test.autoconfigure.web.client.MockRestServiceServerResetTestExecutionListener@55dfcc6, org.springframework.boot.test.autoconfigure.web.servlet.MockMvcPrintOnlyOnFailureTestExecutionListener@222eb8aa, org.springframework.boot.test.autoconfigure.web.servlet.WebDriverTestExecutionListener@93cf163, org.springframework.boot.test.autoconfigure.webservices.client.MockWebServiceServerTestExecutionListener@1852a3ff]
12:18:48.602 [main] DEBUG org.springframework.test.context.support.AbstractDirtiesContextTestExecutionListener - Before test class: context [DefaultTestContext@74c79fa2 testClass = Work4ApplicationTests, testInstance = [null], testMethod = [null], testException = [null], mergedContextConfiguration = [WebMergedContextConfiguration@1e0f9063 testClass = Work4ApplicationTests, locations = '{}', classes = '{class com.clipg.Work4Application}', contextInitializerClasses = '[]', activeProfiles = '{}', propertySourceLocations = '{}', propertySourceProperties = '{org.springframework.boot.test.context.SpringBootTestContextBootstrapper=true}', contextCustomizers = set[org.springframework.boot.test.context.filter.ExcludeFilterContextCustomizer@6be968ce, org.springframework.boot.test.json.DuplicateJsonObjectContextCustomizerFactory$DuplicateJsonObjectContextCustomizer@1033576a, org.springframework.boot.test.mock.mockito.MockitoContextCustomizer@0, org.springframework.boot.test.web.client.TestRestTemplateContextCustomizer@533bda92, org.springframework.boot.test.autoconfigure.actuate.metrics.MetricsExportContextCustomizerFactory$DisableMetricExportContextCustomizer@312aa7c, org.springframework.boot.test.autoconfigure.properties.PropertyMappingContextCustomizer@0, org.springframework.boot.test.autoconfigure.web.servlet.WebDriverContextCustomizerFactory$Customizer@5f8e8a9d, org.springframework.boot.test.context.SpringBootTestArgs@1, org.springframework.boot.test.context.SpringBootTestWebEnvironment@21a947fe], resourceBasePath = 'src/main/webapp', contextLoader = 'org.springframework.boot.test.context.SpringBootContextLoader', parent = [null]], attributes = map['org.springframework.test.context.web.ServletTestExecutionListener.activateListener' -> true]], class annotated with @DirtiesContext [false] with mode [null].

  .   ____          _            __ _ _
 /\\ / ___'_ __ _ _(_)_ __  __ _ \ \ \ \
( ( )\___ | '_ | '_| | '_ \/ _` | \ \ \ \
 \\/  ___)| |_)| | | | | || (_| |  ) ) ) )
  '  |____| .__|_| |_|_| |_\__, | / / / /
 =========|_|==============|___/=/_/_/_/
 :: Spring Boot ::               (v2.6.13)

2024-03-30 12:18:48.892  WARN 41104 --- [           main] ory$DuplicateJsonObjectContextCustomizer : 

Found multiple occurrences of org.json.JSONObject on the class path:

	jar:file:/C:/Users/77507/.m2/repository/com/vaadin/external/google/android-json/0.0.20131108.vaadin1/android-json-0.0.20131108.vaadin1.jar!/org/json/JSONObject.class
	jar:file:/C:/Users/77507/.m2/repository/org/json/json/20220320/json-20220320.jar!/org/json/JSONObject.class

You may wish to exclude one of them to ensure predictable runtime behavior

2024-03-30 12:18:48.904  INFO 41104 --- [           main] com.clipg.Work4ApplicationTests          : Starting Work4ApplicationTests using Java 21 on CliPg with PID 41104 (started by 77507 in D:\cs学习\west2-java-work\work4)
2024-03-30 12:18:48.904  INFO 41104 --- [           main] com.clipg.Work4ApplicationTests          : No active profile set, falling back to 1 default profile: "default"
2024-03-30 12:18:49.698  INFO 41104 --- [           main] .s.d.r.c.RepositoryConfigurationDelegate : Multiple Spring Data modules found, entering strict repository configuration mode
2024-03-30 12:18:49.701  INFO 41104 --- [           main] .s.d.r.c.RepositoryConfigurationDelegate : Bootstrapping Spring Data Redis repositories in DEFAULT mode.
2024-03-30 12:18:49.723  INFO 41104 --- [           main] .s.d.r.c.RepositoryConfigurationDelegate : Finished Spring Data repository scanning in 10 ms. Found 0 Redis repository interfaces.
 _ _   |_  _ _|_. ___ _ |    _ 
| | |\/|_)(_| | |_\  |_)||_|_\ 
     /               |         
                        3.4.1 
2024-03-30 12:18:51.554  INFO 41104 --- [           main] o.s.s.web.DefaultSecurityFilterChain     : Will secure any request with [org.springframework.security.web.context.request.async.WebAsyncManagerIntegrationFilter@7221539, org.springframework.security.web.context.SecurityContextPersistenceFilter@632c3f55, org.springframework.security.web.header.HeaderWriterFilter@5c4714ef, org.springframework.security.web.authentication.logout.LogoutFilter@70a24f9, com.clipg.filter.JwtAuthenticationTokenFilter@6cc48a17, org.springframework.security.web.savedrequest.RequestCacheAwareFilter@22aefae0, org.springframework.security.web.servletapi.SecurityContextHolderAwareRequestFilter@20faaf77, org.springframework.security.web.authentication.AnonymousAuthenticationFilter@b77b0a0, org.springframework.security.web.session.SessionManagementFilter@6076c66, org.springframework.security.web.access.ExceptionTranslationFilter@74bdfa0b, org.springframework.security.web.access.intercept.FilterSecurityInterceptor@26f5e45d]
2024-03-30 12:19:26.980  WARN 41104 --- [           main] ion$DefaultTemplateResolverConfiguration : Cannot find template location: classpath:/templates/ (please add some templates, check your Thymeleaf configuration, or set spring.thymeleaf.check-template-location=false)
2024-03-30 12:19:27.427  INFO 41104 --- [           main] com.clipg.Work4ApplicationTests          : Started Work4ApplicationTests in 38.794 seconds (JVM running for 39.732)
2024-03-30 12:19:27.605  INFO 41104 --- [   scheduling-1] com.alibaba.druid.pool.DruidDataSource   : {dataSource-1} inited
1773927999385055233
]]></system-out>
  </testcase>
  <testcase name="exc" classname="com.clipg.Work4ApplicationTests" time="0.008">
    <system-out><![CDATA[false
]]></system-out>
  </testcase>
  <testcase name="like" classname="com.clipg.Work4ApplicationTests" time="0.003"/>
  <testcase name="save" classname="com.clipg.Work4ApplicationTests" time="0.003"/>
</testsuite>